app/build/outputs/logs/manifest-merger-release-report.txt
-- Merging decision tree log ---
manifest
ADDED from src/main/AndroidManifest.xml:2:1-188:12
	package
		ADDED from src/main/AndroidManifest.xml:3:5-30
		INJECTED from src/main/AndroidManifest.xml
		INJECTED from src/main/AndroidManifest.xml
	android:versionName
		INJECTED from src/main/AndroidManifest.xml
		INJECTED from src/main/AndroidManifest.xml
	xmlns:android
		ADDED from src/main/AndroidManifest.xml:2:11-69
	android:versionCode
		INJECTED from src/main/AndroidManifest.xml
		INJECTED from src/main/AndroidManifest.xml
uses-permission#android.permission.ACCESS_FINE_LOCATION
ADDED from src/main/AndroidManifest.xml:6:5-79
	android:name
		ADDED from src/main/AndroidManifest.xml:6:22-76
uses-permission#android.permission.ACCESS_WIFI_STATE
ADDED from src/main/AndroidManifest.xml:7:5-76
	android:name
		ADDED from src/main/AndroidManifest.xml:7:22-73
uses-permission#android.permission.ACCESS_NETWORK_STATE
ADDED from src/main/AndroidManifest.xml:8:5-79
MERGED from [com.google.android.gms:play-services-analytics:9.2.0] AndroidManifest.xml:22:5-79
MERGED from [com.google.android.gms:play-services-analytics-impl:9.2.0] AndroidManifest.xml:22:5-79
	android:name
		ADDED from src/main/AndroidManifest.xml:8:22-76
uses-permission#android.permission.WRITE_EXTERNAL_STORAGE
ADDED from src/main/AndroidManifest.xml:10:5-81
	android:name
		ADDED from src/main/AndroidManifest.xml:10:22-78
uses-permission#android.permission.READ_PHONE_STATE
ADDED from src/main/AndroidManifest.xml:11:5-75
	android:name
		ADDED from src/main/AndroidManifest.xml:11:22-72
uses-permission#android.permission.READ_CALL_LOG
ADDED from src/main/AndroidManifest.xml:12:5-72
	android:name
		ADDED from src/main/AndroidManifest.xml:12:22-69
uses-permission#android.permission.READ_CONTACTS
ADDED from src/main/AndroidManifest.xml:13:5-72
	android:name
		ADDED from src/main/AndroidManifest.xml:13:22-69
uses-permission#android.permission.WRITE_CALENDAR
ADDED from src/main/AndroidManifest.xml:14:5-73
	android:name
		ADDED from src/main/AndroidManifest.xml:14:22-70
uses-permission#android.permission.READ_CALENDAR
ADDED from src/main/AndroidManifest.xml:15:5-72
	android:name
		ADDED from src/main/AndroidManifest.xml:15:22-69
uses-permission#android.permission.INTERNET
ADDED from src/main/AndroidManifest.xml:17:5-67
MERGED from [com.google.android.gms:play-services-analytics:9.2.0] AndroidManifest.xml:21:5-67
MERGED from [com.google.android.gms:play-services-analytics-impl:9.2.0] AndroidManifest.xml:21:5-67
MERGED from [com.google.android.gms:play-services-gcm:9.2.0] AndroidManifest.xml:22:5-67
MERGED from [com.google.android.gms:play-services-iid:9.2.0] AndroidManifest.xml:22:5-67
	android:name
		ADDED from src/main/AndroidManifest.xml:17:22-64
uses-permission#android.permission.BLUETOOTH
ADDED from src/main/AndroidManifest.xml:18:5-68
	android:name
		ADDED from src/main/AndroidManifest.xml:18:22-65
uses-permission#android.permission.WAKE_LOCK
ADDED from src/main/AndroidManifest.xml:20:5-68
MERGED from [com.google.android.gms:play-services-analytics:9.2.0] AndroidManifest.xml:25:5-67
MERGED from [com.google.android.gms:play-services-analytics-impl:9.2.0] AndroidManifest.xml:25:5-67
	android:name
		ADDED from src/main/AndroidManifest.xml:20:22-65
uses-permission#android.permission.GET_ACCOUNTS
ADDED from src/main/AndroidManifest.xml:21:5-71
	android:name
		ADDED from src/main/AndroidManifest.xml:21:22-68
uses-permission#android.permission.DISABLE_KEYGUARD
ADDED from src/main/AndroidManifest.xml:23:5-75
	android:name
		ADDED from src/main/AndroidManifest.xml:23:22-72
uses-permission#android.permission.SYSTEM_ALERT_WINDOW
ADDED from src/main/AndroidManifest.xml:24:5-78
	android:name
		ADDED from src/main/AndroidManifest.xml:24:22-75
uses-permission#android.permission.SEND_SMS
ADDED from src/main/AndroidManifest.xml:25:5-67
	android:name
		ADDED from src/main/AndroidManifest.xml:25:22-64
uses-permission#android.permission.READ_LOGS
ADDED from src/main/AndroidManifest.xml:26:5-84
	android:name
		ADDED from src/main/AndroidManifest.xml:26:22-65
uses-permission#android.permission.CALL_PHONE
ADDED from src/main/AndroidManifest.xml:27:5-69
	android:name
		ADDED from src/main/AndroidManifest.xml:27:22-66
uses-permission#android.permission.WRITE_SETTINGS
ADDED from src/main/AndroidManifest.xml:29:5-73
	android:name
		ADDED from src/main/AndroidManifest.xml:29:22-70
uses-permission#android.permission.WRITE_SECURE_SETTINGS
ADDED from src/main/AndroidManifest.xml:30:5-80
	android:name
		ADDED from src/main/AndroidManifest.xml:30:22-77
permission#com.berightback.permission.C2D_MESSAGE
ADDED from src/main/AndroidManifest.xml:31:5-33:47
	android:protectionLevel
		ADDED from src/main/AndroidManifest.xml:33:9-44
	android:name
		ADDED from src/main/AndroidManifest.xml:32:9-62
uses-permission#com.berightback.permission.C2D_MESSAGE
ADDED from src/main/AndroidManifest.xml:35:5-78
	android:name
		ADDED from src/main/AndroidManifest.xml:35:22-75
application
ADDED from src/main/AndroidManifest.xml:37:5-186:19
MERGED from [com.google.android.gms:play-services-analytics:9.2.0] AndroidManifest.xml:27:5-20
MERGED from [com.google.android.gms:play-services-analytics-impl:9.2.0] AndroidManifest.xml:27:5-20
MERGED from [com.google.android.gms:play-services-base:9.2.0] AndroidManifest.xml:19:5-23:19
MERGED from [com.google.android.gms:play-services-basement:9.2.0] AndroidManifest.xml:20:5-24:19
MERGED from [com.android.support:support-v4:24.0.0] AndroidManifest.xml:25:5-20
MERGED from [com.google.android.gms:play-services-tasks:9.2.0] AndroidManifest.xml:5:5-20
MERGED from [com.google.android.gms:play-services-appindexing:9.2.0] AndroidManifest.xml:19:5-20
MERGED from [com.google.firebase:firebase-common:9.2.0] AndroidManifest.xml:5:5-12:19
MERGED from [com.android.support:appcompat-v7:24.0.0] AndroidManifest.xml:25:5-20
MERGED from [com.android.support:support-vector-drawable:24.0.0] AndroidManifest.xml:23:5-20
MERGED from [com.android.support:animated-vector-drawable:24.0.0] AndroidManifest.xml:22:5-20
MERGED from [com.google.android.gms:play-services-gcm:9.2.0] AndroidManifest.xml:24:5-20
MERGED from [com.google.android.gms:play-services-iid:9.2.0] AndroidManifest.xml:24:5-20
MERGED from [com.amitshekhar.android:android-networking:0.0.1] AndroidManifest.xml:27:5-31:19
MERGED from [com.android.support:cardview-v7:24.0.0] AndroidManifest.xml:22:5-20
	android:label
		ADDED from src/main/AndroidManifest.xml:41:9-41
	android:supportsRtl
		ADDED from src/main/AndroidManifest.xml:43:9-35
	android:allowBackup
		ADDED from src/main/AndroidManifest.xml:39:9-35
	android:icon
		ADDED from src/main/AndroidManifest.xml:40:9-43
	android:largeHeap
		ADDED from src/main/AndroidManifest.xml:42:9-33
	android:theme
		ADDED from src/main/AndroidManifest.xml:44:9-40
	android:name
		ADDED from src/main/AndroidManifest.xml:38:9-45
activity#com.berightback.MainActivity
ADDED from src/main/AndroidManifest.xml:45:9-49:57
	android:screenOrientation
		ADDED from src/main/AndroidManifest.xml:47:13-49
	android:windowSoftInputMode
		ADDED from src/main/AndroidManifest.xml:49:13-54
	android:theme
		ADDED from src/main/AndroidManifest.xml:48:13-44
	android:name
		ADDED from src/main/AndroidManifest.xml:46:13-41
service#com.berightback.MyWindowAccessibilityService
ADDED from src/main/AndroidManifest.xml:51:9-63:19
	android:enabled
		ADDED from src/main/AndroidManifest.xml:53:13-35
	android:exported
		ADDED from src/main/AndroidManifest.xml:54:13-36
	android:permission
		ADDED from src/main/AndroidManifest.xml:55:13-79
	android:name
		ADDED from src/main/AndroidManifest.xml:52:13-57
intent-filter#android.accessibilityservice.AccessibilityService
ADDED from src/main/AndroidManifest.xml:56:13-58:29
action#android.accessibilityservice.AccessibilityService
ADDED from src/main/AndroidManifest.xml:57:17-92
	android:name
		ADDED from src/main/AndroidManifest.xml:57:25-89
meta-data#android.accessibilityservice
ADDED from src/main/AndroidManifest.xml:60:13-62:57
	android:resource
		ADDED from src/main/AndroidManifest.xml:62:17-54
	android:name
		ADDED from src/main/AndroidManifest.xml:61:17-60
receiver#com.berightback.CallReciever
ADDED from src/main/AndroidManifest.xml:65:9-72:20
	android:name
		ADDED from src/main/AndroidManifest.xml:65:19-47
intent-filter#android.intent.action.PHONE_STATE
ADDED from src/main/AndroidManifest.xml:66:13-68:29
action#android.intent.action.PHONE_STATE
ADDED from src/main/AndroidManifest.xml:67:17-76
	android:name
		ADDED from src/main/AndroidManifest.xml:67:25-73
intent-filter#android.intent.action.NEW_OUTGOING_CALL
ADDED from src/main/AndroidManifest.xml:69:13-71:29
action#android.intent.action.NEW_OUTGOING_CALL
ADDED from src/main/AndroidManifest.xml:70:17-82
	android:name
		ADDED from src/main/AndroidManifest.xml:70:25-79
receiver#com.berightback.DeviceAdminLock
ADDED from src/main/AndroidManifest.xml:73:9-83:20
	android:permission
		ADDED from src/main/AndroidManifest.xml:75:13-70
	android:name
		ADDED from src/main/AndroidManifest.xml:74:13-44
meta-data#android.app.device_admin
ADDED from src/main/AndroidManifest.xml:76:13-78:63
	android:resource
		ADDED from src/main/AndroidManifest.xml:78:17-60
	android:name
		ADDED from src/main/AndroidManifest.xml:77:17-56
intent-filter#android.app.action.DEVICE_ADMIN_ENABLED
ADDED from src/main/AndroidManifest.xml:80:13-82:29
action#android.app.action.DEVICE_ADMIN_ENABLED
ADDED from src/main/AndroidManifest.xml:81:17-82
	android:name
		ADDED from src/main/AndroidManifest.xml:81:25-79
activity#com.berightback.Main2Activity
ADDED from src/main/AndroidManifest.xml:85:9-94:20
	android:screenOrientation
		ADDED from src/main/AndroidManifest.xml:87:13-49
	android:theme
		ADDED from src/main/AndroidManifest.xml:88:13-46
	android:name
		ADDED from src/main/AndroidManifest.xml:86:13-42
intent-filter#android.intent.action.MAIN+android.intent.category.LAUNCHER
ADDED from src/main/AndroidManifest.xml:89:13-93:29
action#android.intent.action.MAIN
ADDED from src/main/AndroidManifest.xml:90:17-69
	android:name
		ADDED from src/main/AndroidManifest.xml:90:25-66
category#android.intent.category.LAUNCHER
ADDED from src/main/AndroidManifest.xml:92:17-77
	android:name
		ADDED from src/main/AndroidManifest.xml:92:27-74
receiver#com.berightback.NotificationPublisher
ADDED from src/main/AndroidManifest.xml:96:9-103:20
	android:enabled
		ADDED from src/main/AndroidManifest.xml:98:13-35
	android:name
		ADDED from src/main/AndroidManifest.xml:97:13-50
action#com.berightback.SENDNOTIFICATION
ADDED from src/main/AndroidManifest.xml:99:13-71
	android:name
		ADDED from src/main/AndroidManifest.xml:99:21-68
action#com.berightback.SNOOZE
ADDED from src/main/AndroidManifest.xml:100:13-61
	android:name
		ADDED from src/main/AndroidManifest.xml:100:21-58
action#com.berightback.DISMIS
ADDED from src/main/AndroidManifest.xml:101:13-61
	android:name
		ADDED from src/main/AndroidManifest.xml:101:21-58
action#com.berightback.CALL
ADDED from src/main/AndroidManifest.xml:102:13-59
	android:name
		ADDED from src/main/AndroidManifest.xml:102:21-56
meta-data#com.google.android.gms.version
ADDED from src/main/AndroidManifest.xml:109:9-111:69
MERGED from [com.google.android.gms:play-services-basement:9.2.0] AndroidManifest.xml:21:9-23:69
	android:value
		ADDED from src/main/AndroidManifest.xml:111:13-66
	android:name
		ADDED from src/main/AndroidManifest.xml:110:13-58
receiver#com.google.android.gms.analytics.AnalyticsReceiver
ADDED from src/main/AndroidManifest.xml:117:9-123:20
	android:enabled
		ADDED from src/main/AndroidManifest.xml:119:13-35
	android:name
		ADDED from src/main/AndroidManifest.xml:118:13-78
intent-filter#com.google.android.gms.analytics.ANALYTICS_DISPATCH
ADDED from src/main/AndroidManifest.xml:120:13-122:29
action#com.google.android.gms.analytics.ANALYTICS_DISPATCH
ADDED from src/main/AndroidManifest.xml:121:17-94
	android:name
		ADDED from src/main/AndroidManifest.xml:121:25-91
service#com.google.android.gms.analytics.AnalyticsService
ADDED from src/main/AndroidManifest.xml:125:9-128:40
	android:enabled
		ADDED from src/main/AndroidManifest.xml:127:13-35
	android:exported
		ADDED from src/main/AndroidManifest.xml:128:13-37
	android:name
		ADDED from src/main/AndroidManifest.xml:126:13-77
receiver#com.google.android.gms.analytics.CampaignTrackingReceiver
ADDED from src/main/AndroidManifest.xml:134:9-140:20
	android:exported
		ADDED from src/main/AndroidManifest.xml:136:13-36
	android:name
		ADDED from src/main/AndroidManifest.xml:135:13-85
intent-filter#com.android.vending.INSTALL_REFERRER
ADDED from src/main/AndroidManifest.xml:137:13-139:29
action#com.android.vending.INSTALL_REFERRER
ADDED from src/main/AndroidManifest.xml:138:17-79
	android:name
		ADDED from src/main/AndroidManifest.xml:138:25-76
service#com.google.android.gms.analytics.CampaignTrackingService
ADDED from src/main/AndroidManifest.xml:142:9-92
	android:name
		ADDED from src/main/AndroidManifest.xml:142:18-89
receiver#com.google.android.gms.gcm.GcmReceiver
ADDED from src/main/AndroidManifest.xml:145:9-154:20
	android:exported
		ADDED from src/main/AndroidManifest.xml:147:13-36
	android:permission
		ADDED from src/main/AndroidManifest.xml:148:13-73
	android:name
		ADDED from src/main/AndroidManifest.xml:146:13-66
intent-filter#com.google.android.c2dm.intent.RECEIVE+net.simplifiedcoding.androidgcm
ADDED from src/main/AndroidManifest.xml:149:13-153:29
action#com.google.android.c2dm.intent.RECEIVE
ADDED from src/main/AndroidManifest.xml:150:17-81
	android:name
		ADDED from src/main/AndroidManifest.xml:150:25-78
category#net.simplifiedcoding.androidgcm
ADDED from src/main/AndroidManifest.xml:152:17-76
	android:name
		ADDED from src/main/AndroidManifest.xml:152:27-73
service#com.berightback.GCMPushReceiverService
ADDED from src/main/AndroidManifest.xml:157:9-163:19
	android:exported
		ADDED from src/main/AndroidManifest.xml:159:13-37
	android:name
		ADDED from src/main/AndroidManifest.xml:158:13-51
intent-filter#com.google.android.c2dm.intent.RECEIVE
ADDED from src/main/AndroidManifest.xml:160:13-162:29
service#com.berightback.GCMRegistrationIntentService
ADDED from src/main/AndroidManifest.xml:166:9-172:19
	android:exported
		ADDED from src/main/AndroidManifest.xml:168:13-37
	android:name
		ADDED from src/main/AndroidManifest.xml:167:13-57
intent-filter#com.google.android.gms.iid.InstanceID
ADDED from src/main/AndroidManifest.xml:169:13-171:29
action#com.google.android.gms.iid.InstanceID
ADDED from src/main/AndroidManifest.xml:170:17-80
	android:name
		ADDED from src/main/AndroidManifest.xml:170:25-77
activity#com.berightback.AboutActivity
ADDED from src/main/AndroidManifest.xml:174:9-51
	android:name
		ADDED from src/main/AndroidManifest.xml:174:19-48
activity#com.berightback.HelpActivity
ADDED from src/main/AndroidManifest.xml:175:9-50
	android:name
		ADDED from src/main/AndroidManifest.xml:175:19-47
activity#com.berightback.PrivacyPolicyActivity
ADDED from src/main/AndroidManifest.xml:176:9-59
	android:name
		ADDED from src/main/AndroidManifest.xml:176:19-56
activity#com.berightback.HelpActivity1
ADDED from src/main/AndroidManifest.xml:177:9-51
	android:name
		ADDED from src/main/AndroidManifest.xml:177:19-48
activity#com.berightback.SplashHelpScreenActivity
ADDED from src/main/AndroidManifest.xml:178:9-181:58
	android:screenOrientation
		ADDED from src/main/AndroidManifest.xml:180:13-49
	android:theme
		ADDED from src/main/AndroidManifest.xml:181:13-46
	android:name
		ADDED from src/main/AndroidManifest.xml:179:13-53
activity#com.berightback.UnlockScreen
ADDED from src/main/AndroidManifest.xml:182:9-185:58
	android:screenOrientation
		ADDED from src/main/AndroidManifest.xml:184:13-49
	android:theme
		ADDED from src/main/AndroidManifest.xml:185:13-46
	android:name
		ADDED from src/main/AndroidManifest.xml:183:13-41
uses-sdk
INJECTED from src/main/AndroidManifest.xml reason: use-sdk injection requested
MERGED from [com.android.support:multidex:1.0.1] AndroidManifest.xml:18:5-42
MERGED from [com.google.android.gms:play-services-analytics:9.2.0] AndroidManifest.xml:18:5-42
MERGED from [com.google.android.gms:play-services-analytics-impl:9.2.0] AndroidManifest.xml:18:5-42
MERGED from [com.google.android.gms:play-services-base:9.2.0] AndroidManifest.xml:18:5-42
MERGED from [com.google.android.gms:play-services-basement:9.2.0] AndroidManifest.xml:18:5-42
MERGED from [com.android.support:support-v4:24.0.0] AndroidManifest.xml:21:5-23:54
MERGED from [com.google.android.gms:play-services-tasks:9.2.0] AndroidManifest.xml:4:5-43
MERGED from [com.google.android.gms:play-services-appindexing:9.2.0] AndroidManifest.xml:18:5-42
MERGED from [com.google.firebase:firebase-common:9.2.0] AndroidManifest.xml:4:5-43
MERGED from [com.kyleduo.switchbutton:library:1.4.1] AndroidManifest.xml:8:5-10:41
MERGED from [com.android.support:appcompat-v7:24.0.0] AndroidManifest.xml:21:5-23:78
MERGED from [com.android.support:support-vector-drawable:24.0.0] AndroidManifest.xml:21:5-43
MERGED from [com.android.support:animated-vector-drawable:24.0.0] AndroidManifest.xml:20:5-44
MERGED from [com.google.android.gms:play-services-gcm:9.2.0] AndroidManifest.xml:18:5-42
MERGED from [com.google.android.gms:play-services-iid:9.2.0] AndroidManifest.xml:18:5-42
MERGED from [com.amitshekhar.android:android-networking:0.0.1] AndroidManifest.xml:23:5-25:41
MERGED from [com.android.support:cardview-v7:24.0.0] AndroidManifest.xml:20:5-43
	tools:overrideLibrary
		ADDED from [com.android.support:support-v4:24.0.0] AndroidManifest.xml:23:9-51
	android:targetSdkVersion
		INJECTED from src/main/AndroidManifest.xml
		INJECTED from src/main/AndroidManifest.xml
	android:minSdkVersion
		INJECTED from src/main/AndroidManifest.xml
		INJECTED from src/main/AndroidManifest.xml
activity#com.google.android.gms.common.api.GoogleApiActivity
ADDED from [com.google.android.gms:play-services-base:9.2.0] AndroidManifest.xml:20:9-22:45
	android:exported
		ADDED from [com.google.android.gms:play-services-base:9.2.0] AndroidManifest.xml:22:19-43
	android:theme
		ADDED from [com.google.android.gms:play-services-base:9.2.0] AndroidManifest.xml:21:19-78
	android:name
		ADDED from [com.google.android.gms:play-services-base:9.2.0] AndroidManifest.xml:20:19-85
provider#com.google.firebase.provider.FirebaseInitProvider
ADDED from [com.google.firebase:firebase-common:9.2.0] AndroidManifest.xml:7:9-11:39
	android:authorities
		ADDED from [com.google.firebase:firebase-common:9.2.0] AndroidManifest.xml:8:13-72
	android:exported
		ADDED from [com.google.firebase:firebase-common:9.2.0] AndroidManifest.xml:10:13-37
	android:initOrder
		ADDED from [com.google.firebase:firebase-common:9.2.0] AndroidManifest.xml:11:13-36
	android:name
		ADDED from [com.google.firebase:firebase-common:9.2.0] AndroidManifest.xml:9:13-58
uses-permission#com.google.android.c2dm.permission.RECEIVE
ADDED from [com.google.android.gms:play-services-gcm:9.2.0] AndroidManifest.xml:21:5-82
MERGED from [com.google.android.gms:play-services-iid:9.2.0] AndroidManifest.xml:21:5-82
	android:name
		ADDED from [com.google.android.gms:play-services-gcm:9.2.0] AndroidManifest.xml:21:22-79